<?xml version="1.0" encoding="UTF-8"?>
<!-- Generated by org.testng.reporters.JUnitReportReporter -->
<testsuite hostname="dadhu-VAIO" name="jsd.core.tree.binarytree.DepthTreeTest" tests="1" failures="0" timestamp="26 Oct 2014 13:17:13 GMT" time="0.016" errors="0">
  <testcase name="testDepth" time="0.016" classname="jsd.core.tree.binarytree.DepthTreeTest"/>
</testsuite> <!-- jsd.core.tree.binarytree.DepthTreeTest -->
